# JRE version: OpenJDK Runtime Environment Temurin-17.0.10+7 (17.0.10+7) (build 17.0.10+7)
# Java VM: OpenJDK 64-Bit Server VM Temurin-17.0.10+7 (17.0.10+7, mixed mode, tiered, compressed oops, compressed class ptrs, g1 gc, windows-amd64)
GC Precious Log:
 CPUs: 4 total, 4 available
 Memory: 5941M
 Large Page Support: Disabled
 NUMA Support: Disabled
 Compressed Oops: Enabled (32-bit)
 Heap Region Size: 1M
 Heap Min Capacity: 512M
 Heap Initial Capacity: 512M
 Heap Max Capacity: 2G
 Pre-touch: Disabled
 Parallel Workers: 4
 Concurrent Workers: 1
 Concurrent Refinement Workers: 4
 Periodic GC: Disabled
Heap:
 garbage-first heap   total 524288K, used 63398K [0x0000000080000000, 0x0000000100000000)
  region size 1024K, 34 young (34816K), 2 survivors (2048K)
 Metaspace       used 74201K, committed 74688K, reserved 1179648K
  class space    used 9037K, committed 9280K, reserved 1048576K
GC Heap History (20 events):
Event: 2174.819 GC heap before
{Heap before GC invocations=20 (full 0):
 garbage-first heap   total 524288K, used 328700K [0x0000000080000000, 0x0000000100000000)
  region size 1024K, 307 young (314368K), 16 survivors (16384K)
 Metaspace       used 74143K, committed 74560K, reserved 1179648K
  class space    used 9036K, committed 9216K, reserved 1048576K
}
Event: 2174.850 GC heap after
{Heap after GC invocations=21 (full 0):
 garbage-first heap   total 524288K, used 30716K [0x0000000080000000, 0x0000000100000000)
  region size 1024K, 16 young (16384K), 16 survivors (16384K)
 Metaspace       used 74143K, committed 74560K, reserved 1179648K
  class space    used 9036K, committed 9216K, reserved 1048576K
}
Event: 2185.453 GC heap before
{Heap before GC invocations=21 (full 0):
 garbage-first heap   total 524288K, used 328700K [0x0000000080000000, 0x0000000100000000)
  region size 1024K, 307 young (314368K), 16 survivors (16384K)
 Metaspace       used 74144K, committed 74560K, reserved 1179648K
  class space    used 9036K, committed 9216K, reserved 1048576K
}
Event: 2185.482 GC heap after
{Heap after GC invocations=22 (full 0):
 garbage-first heap   total 524288K, used 30716K [0x0000000080000000, 0x0000000100000000)
  region size 1024K, 16 young (16384K), 16 survivors (16384K)
 Metaspace       used 74144K, committed 74560K, reserved 1179648K
  class space    used 9036K, committed 9216K, reserved 1048576K
}
Event: 2195.650 GC heap before
{Heap before GC invocations=22 (full 0):
 garbage-first heap   total 524288K, used 328700K [0x0000000080000000, 0x0000000100000000)
  region size 1024K, 307 young (314368K), 16 survivors (16384K)
 Metaspace       used 74163K, committed 74624K, reserved 1179648K
  class space    used 9036K, committed 9216K, reserved 1048576K
}
Event: 2195.676 GC heap after
{Heap after GC invocations=23 (full 0):
 garbage-first heap   total 524288K, used 30716K [0x0000000080000000, 0x0000000100000000)
  region size 1024K, 16 young (16384K), 16 survivors (16384K)
 Metaspace       used 74163K, committed 74624K, reserved 1179648K
  class space    used 9036K, committed 9216K, reserved 1048576K
}
Event: 2553.034 GC heap before
{Heap before GC invocations=23 (full 0):
 garbage-first heap   total 524288K, used 328700K [0x0000000080000000, 0x0000000100000000)
  region size 1024K, 307 young (314368K), 16 survivors (16384K)
 Metaspace       used 74185K, committed 74688K, reserved 1179648K
  class space    used 9037K, committed 9280K, reserved 1048576K
}
Event: 2553.142 GC heap after
{Heap after GC invocations=24 (full 0):
 garbage-first heap   total 524288K, used 30137K [0x0000000080000000, 0x0000000100000000)
  region size 1024K, 9 young (9216K), 9 survivors (9216K)
 Metaspace       used 74185K, committed 74688K, reserved 1179648K
  class space    used 9037K, committed 9280K, reserved 1048576K
}
Event: 2568.182 GC heap before
{Heap before GC invocations=24 (full 0):
 garbage-first heap   total 524288K, used 335289K [0x0000000080000000, 0x0000000100000000)
  region size 1024K, 307 young (314368K), 9 survivors (9216K)
 Metaspace       used 74189K, committed 74688K, reserved 1179648K
  class space    used 9037K, committed 9280K, reserved 1048576K
}
Event: 2568.201 GC heap after
{Heap after GC invocations=25 (full 0):
 garbage-first heap   total 524288K, used 31124K [0x0000000080000000, 0x0000000100000000)
  region size 1024K, 3 young (3072K), 3 survivors (3072K)
 Metaspace       used 74189K, committed 74688K, reserved 1179648K
  class space    used 9037K, committed 9280K, reserved 1048576K
}
Event: 2579.451 GC heap before
{Heap before GC invocations=25 (full 0):
 garbage-first heap   total 524288K, used 342420K [0x0000000080000000, 0x0000000100000000)
  region size 1024K, 307 young (314368K), 3 survivors (3072K)
 Metaspace       used 74192K, committed 74688K, reserved 1179648K
  class space    used 9037K, committed 9280K, reserved 1048576K
}
Event: 2579.459 GC heap after
{Heap after GC invocations=26 (full 0):
 garbage-first heap   total 524288K, used 31560K [0x0000000080000000, 0x0000000100000000)
  region size 1024K, 2 young (2048K), 2 survivors (2048K)
 Metaspace       used 74192K, committed 74688K, reserved 1179648K
  class space    used 9037K, committed 9280K, reserved 1048576K
}
Event: 2590.449 GC heap before
{Heap before GC invocations=26 (full 0):
 garbage-first heap   total 524288K, used 343880K [0x0000000080000000, 0x0000000100000000)
  region size 1024K, 307 young (314368K), 2 survivors (2048K)
 Metaspace       used 74193K, committed 74688K, reserved 1179648K
  class space    used 9037K, committed 9280K, reserved 1048576K
}
Event: 2590.458 GC heap after
{Heap after GC invocations=27 (full 0):
 garbage-first heap   total 524288K, used 31723K [0x0000000080000000, 0x0000000100000000)
  region size 1024K, 2 young (2048K), 2 survivors (2048K)
 Metaspace       used 74193K, committed 74688K, reserved 1179648K
  class space    used 9037K, committed 9280K, reserved 1048576K
}
Event: 2600.318 GC heap before
{Heap before GC invocations=27 (full 0):
 garbage-first heap   total 524288K, used 344043K [0x0000000080000000, 0x0000000100000000)
  region size 1024K, 307 young (314368K), 2 survivors (2048K)
 Metaspace       used 74193K, committed 74688K, reserved 1179648K
  class space    used 9037K, committed 9280K, reserved 1048576K
}
Event: 2600.323 GC heap after
{Heap after GC invocations=28 (full 0):
 garbage-first heap   total 524288K, used 31698K [0x0000000080000000, 0x0000000100000000)
  region size 1024K, 2 young (2048K), 2 survivors (2048K)
 Metaspace       used 74193K, committed 74688K, reserved 1179648K
  class space    used 9037K, committed 9280K, reserved 1048576K
}
Event: 2611.341 GC heap before
{Heap before GC invocations=28 (full 0):
 garbage-first heap   total 524288K, used 344018K [0x0000000080000000, 0x0000000100000000)
  region size 1024K, 307 young (314368K), 2 survivors (2048K)
 Metaspace       used 74198K, committed 74688K, reserved 1179648K
  class space    used 9037K, committed 9280K, reserved 1048576K
}
Event: 2611.344 GC heap after
{Heap after GC invocations=29 (full 0):
 garbage-first heap   total 524288K, used 31536K [0x0000000080000000, 0x0000000100000000)
  region size 1024K, 1 young (1024K), 1 survivors (1024K)
 Metaspace       used 74198K, committed 74688K, reserved 1179648K
  class space    used 9037K, committed 9280K, reserved 1048576K
}
Event: 2622.716 GC heap before
{Heap before GC invocations=29 (full 0):
 garbage-first heap   total 524288K, used 344880K [0x0000000080000000, 0x0000000100000000)
  region size 1024K, 307 young (314368K), 1 survivors (1024K)
 Metaspace       used 74201K, committed 74688K, reserved 1179648K
  class space    used 9037K, committed 9280K, reserved 1048576K
}
Event: 2622.720 GC heap after
{Heap after GC invocations=30 (full 0):
 garbage-first heap   total 524288K, used 31654K [0x0000000080000000, 0x0000000100000000)
  region size 1024K, 2 young (2048K), 2 survivors (2048K)
 Metaspace       used 74201K, committed 74688K, reserved 1179648K
  class space    used 9037K, committed 9280K, reserved 1048576K
}

