# JRE version: OpenJDK Runtime Environment Temurin-17.0.10+7 (17.0.10+7) (build 17.0.10+7)
# Java VM: OpenJDK 64-Bit Server VM Temurin-17.0.10+7 (17.0.10+7, mixed mode, tiered, compressed oops, compressed class ptrs, g1 gc, windows-amd64)
GC Precious Log:
 CPUs: 4 total, 4 available
 Memory: 5941M
 Large Page Support: Disabled
 NUMA Support: Disabled
 Compressed Oops: Enabled (32-bit)
 Heap Region Size: 1M
 Heap Min Capacity: 8M
 Heap Initial Capacity: 94M
 Heap Max Capacity: 1486M
 Pre-touch: Disabled
 Parallel Workers: 4
 Concurrent Workers: 1
 Concurrent Refinement Workers: 4
 Periodic GC: Disabled
Heap:
 garbage-first heap   total 137216K, used 56103K [0x00000000a3200000, 0x0000000100000000)
  region size 1024K, 7 young (7168K), 1 survivors (1024K)
 Metaspace       used 133782K, committed 135424K, reserved 1179648K
  class space    used 13743K, committed 14528K, reserved 1048576K
GC Heap History (20 events):
Event: 85798.240 GC heap before
{Heap before GC invocations=610 (full 48):
 garbage-first heap   total 137216K, used 119672K [0x00000000a3200000, 0x0000000100000000)
  region size 1024K, 68 young (69632K), 1 survivors (1024K)
 Metaspace       used 133777K, committed 135424K, reserved 1179648K
  class space    used 13741K, committed 14528K, reserved 1048576K
}
Event: 85798.306 GC heap after
{Heap after GC invocations=611 (full 48):
 garbage-first heap   total 137216K, used 50975K [0x00000000a3200000, 0x0000000100000000)
  region size 1024K, 1 young (1024K), 1 survivors (1024K)
 Metaspace       used 133777K, committed 135424K, reserved 1179648K
  class space    used 13741K, committed 14528K, reserved 1048576K
}
Event: 85802.910 GC heap before
{Heap before GC invocations=611 (full 48):
 garbage-first heap   total 137216K, used 119583K [0x00000000a3200000, 0x0000000100000000)
  region size 1024K, 68 young (69632K), 1 survivors (1024K)
 Metaspace       used 133778K, committed 135424K, reserved 1179648K
  class space    used 13742K, committed 14528K, reserved 1048576K
}
Event: 85802.912 GC heap after
{Heap after GC invocations=612 (full 48):
 garbage-first heap   total 137216K, used 50986K [0x00000000a3200000, 0x0000000100000000)
  region size 1024K, 1 young (1024K), 1 survivors (1024K)
 Metaspace       used 133778K, committed 135424K, reserved 1179648K
  class space    used 13742K, committed 14528K, reserved 1048576K
}
Event: 85808.962 GC heap before
{Heap before GC invocations=612 (full 48):
 garbage-first heap   total 137216K, used 119594K [0x00000000a3200000, 0x0000000100000000)
  region size 1024K, 68 young (69632K), 1 survivors (1024K)
 Metaspace       used 133778K, committed 135424K, reserved 1179648K
  class space    used 13742K, committed 14528K, reserved 1048576K
}
Event: 85808.965 GC heap after
{Heap after GC invocations=613 (full 48):
 garbage-first heap   total 137216K, used 51053K [0x00000000a3200000, 0x0000000100000000)
  region size 1024K, 1 young (1024K), 1 survivors (1024K)
 Metaspace       used 133778K, committed 135424K, reserved 1179648K
  class space    used 13742K, committed 14528K, reserved 1048576K
}
Event: 85813.026 GC heap before
{Heap before GC invocations=613 (full 48):
 garbage-first heap   total 137216K, used 119661K [0x00000000a3200000, 0x0000000100000000)
  region size 1024K, 68 young (69632K), 1 survivors (1024K)
 Metaspace       used 133778K, committed 135424K, reserved 1179648K
  class space    used 13742K, committed 14528K, reserved 1048576K
}
Event: 85813.027 GC heap after
{Heap after GC invocations=614 (full 48):
 garbage-first heap   total 137216K, used 50935K [0x00000000a3200000, 0x0000000100000000)
  region size 1024K, 1 young (1024K), 1 survivors (1024K)
 Metaspace       used 133778K, committed 135424K, reserved 1179648K
  class space    used 13742K, committed 14528K, reserved 1048576K
}
Event: 85818.889 GC heap before
{Heap before GC invocations=614 (full 48):
 garbage-first heap   total 137216K, used 119543K [0x00000000a3200000, 0x0000000100000000)
  region size 1024K, 68 young (69632K), 1 survivors (1024K)
 Metaspace       used 133779K, committed 135424K, reserved 1179648K
  class space    used 13742K, committed 14528K, reserved 1048576K
}
Event: 85818.894 GC heap after
{Heap after GC invocations=615 (full 48):
 garbage-first heap   total 137216K, used 50927K [0x00000000a3200000, 0x0000000100000000)
  region size 1024K, 1 young (1024K), 1 survivors (1024K)
 Metaspace       used 133779K, committed 135424K, reserved 1179648K
  class space    used 13742K, committed 14528K, reserved 1048576K
}
Event: 85822.379 GC heap before
{Heap before GC invocations=615 (full 48):
 garbage-first heap   total 137216K, used 118511K [0x00000000a3200000, 0x0000000100000000)
  region size 1024K, 68 young (69632K), 1 survivors (1024K)
 Metaspace       used 133782K, committed 135424K, reserved 1179648K
  class space    used 13743K, committed 14528K, reserved 1048576K
}
Event: 85822.382 GC heap after
{Heap after GC invocations=616 (full 48):
 garbage-first heap   total 137216K, used 50974K [0x00000000a3200000, 0x0000000100000000)
  region size 1024K, 1 young (1024K), 1 survivors (1024K)
 Metaspace       used 133782K, committed 135424K, reserved 1179648K
  class space    used 13743K, committed 14528K, reserved 1048576K
}
Event: 85825.709 GC heap before
{Heap before GC invocations=616 (full 48):
 garbage-first heap   total 137216K, used 118558K [0x00000000a3200000, 0x0000000100000000)
  region size 1024K, 68 young (69632K), 1 survivors (1024K)
 Metaspace       used 133782K, committed 135424K, reserved 1179648K
  class space    used 13743K, committed 14528K, reserved 1048576K
}
Event: 85825.714 GC heap after
{Heap after GC invocations=617 (full 48):
 garbage-first heap   total 137216K, used 50979K [0x00000000a3200000, 0x0000000100000000)
  region size 1024K, 1 young (1024K), 1 survivors (1024K)
 Metaspace       used 133782K, committed 135424K, reserved 1179648K
  class space    used 13743K, committed 14528K, reserved 1048576K
}
Event: 85827.869 GC heap before
{Heap before GC invocations=617 (full 48):
 garbage-first heap   total 137216K, used 119587K [0x00000000a3200000, 0x0000000100000000)
  region size 1024K, 68 young (69632K), 1 survivors (1024K)
 Metaspace       used 133782K, committed 135424K, reserved 1179648K
  class space    used 13743K, committed 14528K, reserved 1048576K
}
Event: 85827.872 GC heap after
{Heap after GC invocations=618 (full 48):
 garbage-first heap   total 137216K, used 50983K [0x00000000a3200000, 0x0000000100000000)
  region size 1024K, 1 young (1024K), 1 survivors (1024K)
 Metaspace       used 133782K, committed 135424K, reserved 1179648K
  class space    used 13743K, committed 14528K, reserved 1048576K
}
Event: 85830.085 GC heap before
{Heap before GC invocations=618 (full 48):
 garbage-first heap   total 137216K, used 119591K [0x00000000a3200000, 0x0000000100000000)
  region size 1024K, 68 young (69632K), 1 survivors (1024K)
 Metaspace       used 133782K, committed 135424K, reserved 1179648K
  class space    used 13743K, committed 14528K, reserved 1048576K
}
Event: 85830.087 GC heap after
{Heap after GC invocations=619 (full 48):
 garbage-first heap   total 137216K, used 50977K [0x00000000a3200000, 0x0000000100000000)
  region size 1024K, 1 young (1024K), 1 survivors (1024K)
 Metaspace       used 133782K, committed 135424K, reserved 1179648K
  class space    used 13743K, committed 14528K, reserved 1048576K
}
Event: 85832.860 GC heap before
{Heap before GC invocations=619 (full 48):
 garbage-first heap   total 137216K, used 119585K [0x00000000a3200000, 0x0000000100000000)
  region size 1024K, 68 young (69632K), 1 survivors (1024K)
 Metaspace       used 133782K, committed 135424K, reserved 1179648K
  class space    used 13743K, committed 14528K, reserved 1048576K
}
Event: 85832.862 GC heap after
{Heap after GC invocations=620 (full 48):
 garbage-first heap   total 137216K, used 50983K [0x00000000a3200000, 0x0000000100000000)
  region size 1024K, 1 young (1024K), 1 survivors (1024K)
 Metaspace       used 133782K, committed 135424K, reserved 1179648K
  class space    used 13743K, committed 14528K, reserved 1048576K
}

