# JRE version: OpenJDK Runtime Environment Temurin-17.0.10+7 (17.0.10+7) (build 17.0.10+7)
# Java VM: OpenJDK 64-Bit Server VM Temurin-17.0.10+7 (17.0.10+7, mixed mode, tiered, compressed oops, compressed class ptrs, g1 gc, windows-amd64)
GC Precious Log:
 CPUs: 4 total, 4 available
 Memory: 5941M
 Large Page Support: Disabled
 NUMA Support: Disabled
 Compressed Oops: Enabled (32-bit)
 Heap Region Size: 1M
 Heap Min Capacity: 8M
 Heap Initial Capacity: 94M
 Heap Max Capacity: 1486M
 Pre-touch: Disabled
 Parallel Workers: 4
 Concurrent Workers: 1
 Concurrent Refinement Workers: 4
 Periodic GC: Disabled
Heap:
 garbage-first heap   total 68608K, used 39314K [0x00000000a3200000, 0x0000000100000000)
  region size 1024K, 8 young (8192K), 1 survivors (1024K)
 Metaspace       used 73715K, committed 74112K, reserved 1114112K
  class space    used 8991K, committed 9152K, reserved 1048576K
GC Heap History (20 events):
Event: 554.397 GC heap before
{Heap before GC invocations=129 (full 0):
 garbage-first heap   total 68608K, used 58732K [0x00000000a3200000, 0x0000000100000000)
  region size 1024K, 26 young (26624K), 1 survivors (1024K)
 Metaspace       used 73711K, committed 74112K, reserved 1114112K
  class space    used 8990K, committed 9152K, reserved 1048576K
}
Event: 554.399 GC heap after
{Heap after GC invocations=130 (full 0):
 garbage-first heap   total 68608K, used 33099K [0x00000000a3200000, 0x0000000100000000)
  region size 1024K, 1 young (1024K), 1 survivors (1024K)
 Metaspace       used 73711K, committed 74112K, reserved 1114112K
  class space    used 8990K, committed 9152K, reserved 1048576K
}
Event: 555.087 GC heap before
{Heap before GC invocations=130 (full 0):
 garbage-first heap   total 68608K, used 57675K [0x00000000a3200000, 0x0000000100000000)
  region size 1024K, 26 young (26624K), 1 survivors (1024K)
 Metaspace       used 73711K, committed 74112K, reserved 1114112K
  class space    used 8990K, committed 9152K, reserved 1048576K
}
Event: 555.089 GC heap after
{Heap after GC invocations=131 (full 0):
 garbage-first heap   total 68608K, used 33136K [0x00000000a3200000, 0x0000000100000000)
  region size 1024K, 1 young (1024K), 1 survivors (1024K)
 Metaspace       used 73711K, committed 74112K, reserved 1114112K
  class space    used 8990K, committed 9152K, reserved 1048576K
}
Event: 555.845 GC heap before
{Heap before GC invocations=132 (full 0):
 garbage-first heap   total 68608K, used 58736K [0x00000000a3200000, 0x0000000100000000)
  region size 1024K, 26 young (26624K), 1 survivors (1024K)
 Metaspace       used 73712K, committed 74112K, reserved 1114112K
  class space    used 8990K, committed 9152K, reserved 1048576K
}
Event: 555.847 GC heap after
{Heap after GC invocations=133 (full 0):
 garbage-first heap   total 68608K, used 33162K [0x00000000a3200000, 0x0000000100000000)
  region size 1024K, 1 young (1024K), 1 survivors (1024K)
 Metaspace       used 73712K, committed 74112K, reserved 1114112K
  class space    used 8990K, committed 9152K, reserved 1048576K
}
Event: 556.473 GC heap before
{Heap before GC invocations=133 (full 0):
 garbage-first heap   total 68608K, used 57738K [0x00000000a3200000, 0x0000000100000000)
  region size 1024K, 26 young (26624K), 1 survivors (1024K)
 Metaspace       used 73712K, committed 74112K, reserved 1114112K
  class space    used 8990K, committed 9152K, reserved 1048576K
}
Event: 556.476 GC heap after
{Heap after GC invocations=134 (full 0):
 garbage-first heap   total 68608K, used 33202K [0x00000000a3200000, 0x0000000100000000)
  region size 1024K, 1 young (1024K), 1 survivors (1024K)
 Metaspace       used 73712K, committed 74112K, reserved 1114112K
  class space    used 8990K, committed 9152K, reserved 1048576K
}
Event: 557.228 GC heap before
{Heap before GC invocations=135 (full 0):
 garbage-first heap   total 68608K, used 58802K [0x00000000a3200000, 0x0000000100000000)
  region size 1024K, 26 young (26624K), 1 survivors (1024K)
 Metaspace       used 73712K, committed 74112K, reserved 1114112K
  class space    used 8990K, committed 9152K, reserved 1048576K
}
Event: 557.230 GC heap after
{Heap after GC invocations=136 (full 0):
 garbage-first heap   total 68608K, used 33239K [0x00000000a3200000, 0x0000000100000000)
  region size 1024K, 1 young (1024K), 1 survivors (1024K)
 Metaspace       used 73712K, committed 74112K, reserved 1114112K
  class space    used 8990K, committed 9152K, reserved 1048576K
}
Event: 557.838 GC heap before
{Heap before GC invocations=136 (full 0):
 garbage-first heap   total 68608K, used 58839K [0x00000000a3200000, 0x0000000100000000)
  region size 1024K, 26 young (26624K), 1 survivors (1024K)
 Metaspace       used 73712K, committed 74112K, reserved 1114112K
  class space    used 8990K, committed 9152K, reserved 1048576K
}
Event: 557.839 GC heap after
{Heap after GC invocations=137 (full 0):
 garbage-first heap   total 68608K, used 33152K [0x00000000a3200000, 0x0000000100000000)
  region size 1024K, 1 young (1024K), 1 survivors (1024K)
 Metaspace       used 73712K, committed 74112K, reserved 1114112K
  class space    used 8990K, committed 9152K, reserved 1048576K
}
Event: 558.689 GC heap before
{Heap before GC invocations=138 (full 0):
 garbage-first heap   total 68608K, used 58752K [0x00000000a3200000, 0x0000000100000000)
  region size 1024K, 26 young (26624K), 1 survivors (1024K)
 Metaspace       used 73712K, committed 74112K, reserved 1114112K
  class space    used 8990K, committed 9152K, reserved 1048576K
}
Event: 558.692 GC heap after
{Heap after GC invocations=139 (full 0):
 garbage-first heap   total 68608K, used 33113K [0x00000000a3200000, 0x0000000100000000)
  region size 1024K, 1 young (1024K), 1 survivors (1024K)
 Metaspace       used 73712K, committed 74112K, reserved 1114112K
  class space    used 8990K, committed 9152K, reserved 1048576K
}
Event: 559.160 GC heap before
{Heap before GC invocations=139 (full 0):
 garbage-first heap   total 68608K, used 58713K [0x00000000a3200000, 0x0000000100000000)
  region size 1024K, 26 young (26624K), 1 survivors (1024K)
 Metaspace       used 73715K, committed 74112K, reserved 1114112K
  class space    used 8991K, committed 9152K, reserved 1048576K
}
Event: 559.162 GC heap after
{Heap after GC invocations=140 (full 0):
 garbage-first heap   total 68608K, used 33163K [0x00000000a3200000, 0x0000000100000000)
  region size 1024K, 1 young (1024K), 1 survivors (1024K)
 Metaspace       used 73715K, committed 74112K, reserved 1114112K
  class space    used 8991K, committed 9152K, reserved 1048576K
}
Event: 559.803 GC heap before
{Heap before GC invocations=141 (full 0):
 garbage-first heap   total 68608K, used 57739K [0x00000000a3200000, 0x0000000100000000)
  region size 1024K, 26 young (26624K), 1 survivors (1024K)
 Metaspace       used 73715K, committed 74112K, reserved 1114112K
  class space    used 8991K, committed 9152K, reserved 1048576K
}
Event: 559.805 GC heap after
{Heap after GC invocations=142 (full 0):
 garbage-first heap   total 68608K, used 33148K [0x00000000a3200000, 0x0000000100000000)
  region size 1024K, 1 young (1024K), 1 survivors (1024K)
 Metaspace       used 73715K, committed 74112K, reserved 1114112K
  class space    used 8991K, committed 9152K, reserved 1048576K
}
Event: 560.416 GC heap before
{Heap before GC invocations=142 (full 0):
 garbage-first heap   total 68608K, used 57724K [0x00000000a3200000, 0x0000000100000000)
  region size 1024K, 26 young (26624K), 1 survivors (1024K)
 Metaspace       used 73715K, committed 74112K, reserved 1114112K
  class space    used 8991K, committed 9152K, reserved 1048576K
}
Event: 560.418 GC heap after
{Heap after GC invocations=143 (full 0):
 garbage-first heap   total 68608K, used 33170K [0x00000000a3200000, 0x0000000100000000)
  region size 1024K, 1 young (1024K), 1 survivors (1024K)
 Metaspace       used 73715K, committed 74112K, reserved 1114112K
  class space    used 8991K, committed 9152K, reserved 1048576K
}

